<?xml version="1.0" encoding="UTF-8"?>
<coverage generated="1639489292292" clover="3.2.0">
  <project timestamp="1639489292292" name="All files">
    <metrics statements="14" coveredstatements="14" conditionals="13" coveredconditionals="13" methods="11" coveredmethods="11" elements="38" coveredelements="38" complexity="0" loc="14" ncloc="14" packages="2" files="2" classes="2"/>
    <package name="data-structures.linked-list">
      <metrics statements="3" coveredstatements="3" conditionals="3" coveredconditionals="3" methods="2" coveredmethods="2"/>
      <file name="LinkedListNode.js" path="E:\personal-project\CS-Notes\code\javascript-algorithms\src\data-structures\linked-list\LinkedListNode.js">
        <metrics statements="3" coveredstatements="3" conditionals="3" coveredconditionals="3" methods="2" coveredmethods="2"/>
        <line num="3" count="6" type="stmt"/>
        <line num="4" count="6" type="stmt"/>
        <line num="7" count="3" type="cond" truecount="2" falsecount="0"/>
      </file>
    </package>
    <package name="utils.comparator">
      <metrics statements="11" coveredstatements="11" conditionals="10" coveredconditionals="10" methods="9" coveredmethods="9"/>
      <file name="Comparator.js" path="E:\personal-project\CS-Notes\code\javascript-algorithms\src\utils\comparator\Comparator.js">
        <metrics statements="11" coveredstatements="11" conditionals="10" coveredconditionals="10" methods="9" coveredmethods="9"/>
        <line num="9" count="2" type="cond" truecount="2" falsecount="0"/>
        <line num="19" count="23" type="cond" truecount="2" falsecount="0"/>
        <line num="20" count="9" type="stmt"/>
        <line num="23" count="14" type="cond" truecount="2" falsecount="0"/>
        <line num="33" count="16" type="stmt"/>
        <line num="43" count="11" type="stmt"/>
        <line num="53" count="12" type="stmt"/>
        <line num="63" count="4" type="cond" truecount="2" falsecount="0"/>
        <line num="73" count="9" type="cond" truecount="2" falsecount="0"/>
        <line num="80" count="1" type="stmt"/>
        <line num="81" count="8" type="stmt"/>
      </file>
    </package>
  </project>
</coverage>
