<?xml version="1.0" encoding="UTF-8"?>
<coverage generated="1639468411072" clover="3.2.0">
  <project timestamp="1639468411073" name="All files">
    <metrics statements="11" coveredstatements="11" conditionals="10" coveredconditionals="10" methods="9" coveredmethods="9" elements="30" coveredelements="30" complexity="0" loc="11" ncloc="11" packages="1" files="1" classes="1"/>
    <file name="Comparator.js" path="/Users/huangbin/Documents/my_project/CS-Notes/code/javascript-algorithms/src/utils/comparator/Comparator.js">
      <metrics statements="11" coveredstatements="11" conditionals="10" coveredconditionals="10" methods="9" coveredmethods="9"/>
      <line num="9" count="2" type="cond" truecount="2" falsecount="0"/>
      <line num="19" count="23" type="cond" truecount="2" falsecount="0"/>
      <line num="20" count="9" type="stmt"/>
      <line num="23" count="14" type="cond" truecount="2" falsecount="0"/>
      <line num="33" count="16" type="stmt"/>
      <line num="43" count="11" type="stmt"/>
      <line num="53" count="12" type="stmt"/>
      <line num="63" count="4" type="cond" truecount="2" falsecount="0"/>
      <line num="73" count="9" type="cond" truecount="2" falsecount="0"/>
      <line num="80" count="1" type="stmt"/>
      <line num="81" count="8" type="stmt"/>
    </file>
  </project>
</coverage>
