{"E:\\personal-project\\CS-Notes\\code\\javascript-algorithms\\src\\data-structures\\linked-list\\LinkedListNode.js": {"path":"E:\\personal-project\\CS-Notes\\code\\javascript-algorithms\\src\\data-structures\\linked-list\\LinkedListNode.js","statementMap":{"0":{"start":{"line":3,"column":8},"end":{"line":3,"column":26}},"1":{"start":{"line":4,"column":8},"end":{"line":4,"column":24}},"2":{"start":{"line":7,"column":8},"end":{"line":7,"column":64}}},"fnMap":{"0":{"name":"(anonymous_0)","decl":{"start":{"line":2,"column":4},"end":{"line":2,"column":5}},"loc":{"start":{"line":2,"column":36},"end":{"line":5,"column":5}},"line":2},"1":{"name":"(anonymous_1)","decl":{"start":{"line":6,"column":4},"end":{"line":6,"column":5}},"loc":{"start":{"line":6,"column":23},"end":{"line":8,"column":5}},"line":6}},"branchMap":{"0":{"loc":{"start":{"line":2,"column":23},"end":{"line":2,"column":34}},"type":"default-arg","locations":[{"start":{"line":2,"column":30},"end":{"line":2,"column":34}}],"line":2},"1":{"loc":{"start":{"line":7,"column":15},"end":{"line":7,"column":64}},"type":"cond-expr","locations":[{"start":{"line":7,"column":26},"end":{"line":7,"column":46}},{"start":{"line":7,"column":49},"end":{"line":7,"column":64}}],"line":7}},"s":{"0":6,"1":6,"2":3},"f":{"0":6,"1":3},"b":{"0":[5],"1":[1,2]},"_coverageSchema":"1a1c01bbd47fc00a2c39e90264f33305004495a9","hash":"4a1a7698873aecb81ab0dda911af09aab1ff4dc5"}
,"E:\\personal-project\\CS-Notes\\code\\javascript-algorithms\\src\\utils\\comparator\\Comparator.js": {"path":"E:\\personal-project\\CS-Notes\\code\\javascript-algorithms\\src\\utils\\comparator\\Comparator.js","statementMap":{"0":{"start":{"line":9,"column":8},"end":{"line":9,"column":75}},"1":{"start":{"line":19,"column":8},"end":{"line":21,"column":9}},"2":{"start":{"line":20,"column":12},"end":{"line":20,"column":20}},"3":{"start":{"line":23,"column":8},"end":{"line":23,"column":29}},"4":{"start":{"line":33,"column":8},"end":{"line":33,"column":39}},"5":{"start":{"line":43,"column":8},"end":{"line":43,"column":37}},"6":{"start":{"line":53,"column":8},"end":{"line":53,"column":37}},"7":{"start":{"line":63,"column":8},"end":{"line":63,"column":54}},"8":{"start":{"line":73,"column":8},"end":{"line":73,"column":57}},"9":{"start":{"line":80,"column":32},"end":{"line":80,"column":44}},"10":{"start":{"line":81,"column":8},"end":{"line":81,"column":54}},"11":{"start":{"line":81,"column":33},"end":{"line":81,"column":54}}},"fnMap":{"0":{"name":"(anonymous_0)","decl":{"start":{"line":8,"column":4},"end":{"line":8,"column":5}},"loc":{"start":{"line":8,"column":33},"end":{"line":10,"column":5}},"line":8},"1":{"name":"(anonymous_1)","decl":{"start":{"line":18,"column":4},"end":{"line":18,"column":5}},"loc":{"start":{"line":18,"column":40},"end":{"line":24,"column":5}},"line":18},"2":{"name":"(anonymous_2)","decl":{"start":{"line":32,"column":4},"end":{"line":32,"column":5}},"loc":{"start":{"line":32,"column":16},"end":{"line":34,"column":5}},"line":32},"3":{"name":"(anonymous_3)","decl":{"start":{"line":42,"column":4},"end":{"line":42,"column":5}},"loc":{"start":{"line":42,"column":19},"end":{"line":44,"column":5}},"line":42},"4":{"name":"(anonymous_4)","decl":{"start":{"line":52,"column":4},"end":{"line":52,"column":5}},"loc":{"start":{"line":52,"column":22},"end":{"line":54,"column":5}},"line":52},"5":{"name":"(anonymous_5)","decl":{"start":{"line":62,"column":4},"end":{"line":62,"column":5}},"loc":{"start":{"line":62,"column":26},"end":{"line":64,"column":5}},"line":62},"6":{"name":"(anonymous_6)","decl":{"start":{"line":72,"column":4},"end":{"line":72,"column":5}},"loc":{"start":{"line":72,"column":29},"end":{"line":74,"column":5}},"line":72},"7":{"name":"(anonymous_7)","decl":{"start":{"line":79,"column":4},"end":{"line":79,"column":5}},"loc":{"start":{"line":79,"column":14},"end":{"line":82,"column":5}},"line":79},"8":{"name":"(anonymous_8)","decl":{"start":{"line":81,"column":23},"end":{"line":81,"column":24}},"loc":{"start":{"line":81,"column":33},"end":{"line":81,"column":54}},"line":81}},"branchMap":{"0":{"loc":{"start":{"line":9,"column":23},"end":{"line":9,"column":75}},"type":"binary-expr","locations":[{"start":{"line":9,"column":23},"end":{"line":9,"column":38}},{"start":{"line":9,"column":42},"end":{"line":9,"column":75}}],"line":9},"1":{"loc":{"start":{"line":19,"column":8},"end":{"line":21,"column":9}},"type":"if","locations":[{"start":{"line":19,"column":8},"end":{"line":21,"column":9}},{"start":{},"end":{}}],"line":19},"2":{"loc":{"start":{"line":23,"column":15},"end":{"line":23,"column":29}},"type":"cond-expr","locations":[{"start":{"line":23,"column":23},"end":{"line":23,"column":25}},{"start":{"line":23,"column":28},"end":{"line":23,"column":29}}],"line":23},"3":{"loc":{"start":{"line":63,"column":15},"end":{"line":63,"column":54}},"type":"binary-expr","locations":[{"start":{"line":63,"column":15},"end":{"line":63,"column":34}},{"start":{"line":63,"column":38},"end":{"line":63,"column":54}}],"line":63},"4":{"loc":{"start":{"line":73,"column":15},"end":{"line":73,"column":57}},"type":"binary-expr","locations":[{"start":{"line":73,"column":15},"end":{"line":73,"column":37}},{"start":{"line":73,"column":41},"end":{"line":73,"column":57}}],"line":73}},"s":{"0":2,"1":23,"2":9,"3":14,"4":16,"5":11,"6":12,"7":4,"8":9,"9":1,"10":1,"11":8},"f":{"0":2,"1":23,"2":16,"3":11,"4":12,"5":4,"6":9,"7":1,"8":8},"b":{"0":[2,1],"1":[9,14],"2":[9,5],"3":[4,3],"4":[9,6]},"_coverageSchema":"1a1c01bbd47fc00a2c39e90264f33305004495a9","hash":"cb9e23adf2eea9c5422eeccca646601749ba4bf6"}
}
