TN:
SF:src\data-structures\linked-list\LinkedListNode.js
FN:2,(anonymous_0)
FN:6,(anonymous_1)
FNF:2
FNH:2
FNDA:6,(anonymous_0)
FNDA:3,(anonymous_1)
DA:3,6
DA:4,6
DA:7,3
LF:3
LH:3
BRDA:2,0,0,5
BRDA:7,1,0,1
BRDA:7,1,1,2
BRF:3
BRH:3
end_of_record
TN:
SF:src\utils\comparator\Comparator.js
FN:8,(anonymous_0)
FN:18,(anonymous_1)
FN:32,(anonymous_2)
FN:42,(anonymous_3)
FN:52,(anonymous_4)
FN:62,(anonymous_5)
FN:72,(anonymous_6)
FN:79,(anonymous_7)
FN:81,(anonymous_8)
FNF:9
FNH:9
FNDA:2,(anonymous_0)
FNDA:23,(anonymous_1)
FNDA:16,(anonymous_2)
FNDA:11,(anonymous_3)
FNDA:12,(anonymous_4)
FNDA:4,(anonymous_5)
FNDA:9,(anonymous_6)
FNDA:1,(anonymous_7)
FNDA:8,(anonymous_8)
DA:9,2
DA:19,23
DA:20,9
DA:23,14
DA:33,16
DA:43,11
DA:53,12
DA:63,4
DA:73,9
DA:80,1
DA:81,8
LF:11
LH:11
BRDA:9,0,0,2
BRDA:9,0,1,1
BRDA:19,1,0,9
BRDA:19,1,1,14
BRDA:23,2,0,9
BRDA:23,2,1,5
BRDA:63,3,0,4
BRDA:63,3,1,3
BRDA:73,4,0,9
BRDA:73,4,1,6
BRF:10
BRH:10
end_of_record
